{"C:\\manual backup\\javascript-projects\\math-api\\src\\FigureCalculator.js": {"path":"C:\\manual backup\\javascript-projects\\math-api\\src\\FigureCalculator.js","statementMap":{"0":{"start":{"line":3,"column":4},"end":{"line":3,"column":32}},"1":{"start":{"line":7,"column":4},"end":{"line":9,"column":5}},"2":{"start":{"line":8,"column":6},"end":{"line":8,"column":61}},"3":{"start":{"line":11,"column":28},"end":{"line":11,"column":32}},"4":{"start":{"line":13,"column":4},"end":{"line":15,"column":5}},"5":{"start":{"line":14,"column":6},"end":{"line":14,"column":64}},"6":{"start":{"line":17,"column":4},"end":{"line":17,"column":75}},"7":{"start":{"line":21,"column":4},"end":{"line":23,"column":5}},"8":{"start":{"line":22,"column":6},"end":{"line":22,"column":61}},"9":{"start":{"line":25,"column":28},"end":{"line":25,"column":32}},"10":{"start":{"line":27,"column":4},"end":{"line":29,"column":5}},"11":{"start":{"line":28,"column":6},"end":{"line":28,"column":64}},"12":{"start":{"line":31,"column":4},"end":{"line":31,"column":51}},"13":{"start":{"line":36,"column":4},"end":{"line":38,"column":5}},"14":{"start":{"line":37,"column":6},"end":{"line":37,"column":62}},"15":{"start":{"line":40,"column":22},"end":{"line":40,"column":26}},"16":{"start":{"line":42,"column":4},"end":{"line":44,"column":5}},"17":{"start":{"line":43,"column":6},"end":{"line":43,"column":64}},"18":{"start":{"line":46,"column":4},"end":{"line":46,"column":59}},"19":{"start":{"line":50,"column":4},"end":{"line":52,"column":5}},"20":{"start":{"line":51,"column":6},"end":{"line":51,"column":62}},"21":{"start":{"line":54,"column":27},"end":{"line":54,"column":31}},"22":{"start":{"line":56,"column":4},"end":{"line":58,"column":5}},"23":{"start":{"line":57,"column":6},"end":{"line":57,"column":64}},"24":{"start":{"line":60,"column":4},"end":{"line":60,"column":77}},"25":{"start":{"line":64,"column":0},"end":{"line":64,"column":34}}},"fnMap":{"0":{"name":"(anonymous_0)","decl":{"start":{"line":2,"column":2},"end":{"line":2,"column":3}},"loc":{"start":{"line":2,"column":25},"end":{"line":4,"column":3}},"line":2},"1":{"name":"(anonymous_1)","decl":{"start":{"line":6,"column":2},"end":{"line":6,"column":3}},"loc":{"start":{"line":6,"column":39},"end":{"line":18,"column":3}},"line":6},"2":{"name":"(anonymous_2)","decl":{"start":{"line":20,"column":2},"end":{"line":20,"column":3}},"loc":{"start":{"line":20,"column":34},"end":{"line":33,"column":3}},"line":20},"3":{"name":"(anonymous_3)","decl":{"start":{"line":35,"column":2},"end":{"line":35,"column":3}},"loc":{"start":{"line":35,"column":38},"end":{"line":47,"column":3}},"line":35},"4":{"name":"(anonymous_4)","decl":{"start":{"line":49,"column":2},"end":{"line":49,"column":3}},"loc":{"start":{"line":49,"column":33},"end":{"line":61,"column":3}},"line":49}},"branchMap":{"0":{"loc":{"start":{"line":7,"column":4},"end":{"line":9,"column":5}},"type":"if","locations":[{"start":{"line":7,"column":4},"end":{"line":9,"column":5}},{"start":{},"end":{}}],"line":7},"1":{"loc":{"start":{"line":13,"column":4},"end":{"line":15,"column":5}},"type":"if","locations":[{"start":{"line":13,"column":4},"end":{"line":15,"column":5}},{"start":{},"end":{}}],"line":13},"2":{"loc":{"start":{"line":13,"column":8},"end":{"line":13,"column":63}},"type":"binary-expr","locations":[{"start":{"line":13,"column":8},"end":{"line":13,"column":34}},{"start":{"line":13,"column":38},"end":{"line":13,"column":63}}],"line":13},"3":{"loc":{"start":{"line":21,"column":4},"end":{"line":23,"column":5}},"type":"if","locations":[{"start":{"line":21,"column":4},"end":{"line":23,"column":5}},{"start":{},"end":{}}],"line":21},"4":{"loc":{"start":{"line":27,"column":4},"end":{"line":29,"column":5}},"type":"if","locations":[{"start":{"line":27,"column":4},"end":{"line":29,"column":5}},{"start":{},"end":{}}],"line":27},"5":{"loc":{"start":{"line":27,"column":8},"end":{"line":27,"column":63}},"type":"binary-expr","locations":[{"start":{"line":27,"column":8},"end":{"line":27,"column":34}},{"start":{"line":27,"column":38},"end":{"line":27,"column":63}}],"line":27},"6":{"loc":{"start":{"line":36,"column":4},"end":{"line":38,"column":5}},"type":"if","locations":[{"start":{"line":36,"column":4},"end":{"line":38,"column":5}},{"start":{},"end":{}}],"line":36},"7":{"loc":{"start":{"line":42,"column":4},"end":{"line":44,"column":5}},"type":"if","locations":[{"start":{"line":42,"column":4},"end":{"line":44,"column":5}},{"start":{},"end":{}}],"line":42},"8":{"loc":{"start":{"line":42,"column":8},"end":{"line":42,"column":79}},"type":"binary-expr","locations":[{"start":{"line":42,"column":8},"end":{"line":42,"column":29}},{"start":{"line":42,"column":33},"end":{"line":42,"column":54}},{"start":{"line":42,"column":58},"end":{"line":42,"column":79}}],"line":42},"9":{"loc":{"start":{"line":50,"column":4},"end":{"line":52,"column":5}},"type":"if","locations":[{"start":{"line":50,"column":4},"end":{"line":52,"column":5}},{"start":{},"end":{}}],"line":50},"10":{"loc":{"start":{"line":56,"column":4},"end":{"line":58,"column":5}},"type":"if","locations":[{"start":{"line":56,"column":4},"end":{"line":58,"column":5}},{"start":{},"end":{}}],"line":56},"11":{"loc":{"start":{"line":56,"column":8},"end":{"line":56,"column":62}},"type":"binary-expr","locations":[{"start":{"line":56,"column":8},"end":{"line":56,"column":32}},{"start":{"line":56,"column":36},"end":{"line":56,"column":62}}],"line":56}},"s":{"0":14,"1":8,"2":3,"3":5,"4":5,"5":3,"6":2,"7":8,"8":3,"9":5,"10":5,"11":3,"12":2,"13":6,"14":3,"15":3,"16":3,"17":1,"18":2,"19":8,"20":3,"21":5,"22":5,"23":3,"24":2,"25":2},"f":{"0":14,"1":8,"2":8,"3":6,"4":8},"b":{"0":[3,5],"1":[3,2],"2":[5,2],"3":[3,5],"4":[3,2],"5":[5,2],"6":[3,3],"7":[1,2],"8":[3,2,2],"9":[3,5],"10":[3,2],"11":[5,2]},"_coverageSchema":"1a1c01bbd47fc00a2c39e90264f33305004495a9","hash":"33dc316b18986809c69d3373ad4453987f043a4b"}
,"C:\\manual backup\\javascript-projects\\math-api\\src\\MathBasic.js": {"path":"C:\\manual backup\\javascript-projects\\math-api\\src\\MathBasic.js","statementMap":{"0":{"start":{"line":1,"column":18},"end":{"line":36,"column":1}},"1":{"start":{"line":3,"column":4},"end":{"line":5,"column":5}},"2":{"start":{"line":4,"column":6},"end":{"line":4,"column":61}},"3":{"start":{"line":7,"column":19},"end":{"line":7,"column":23}},"4":{"start":{"line":9,"column":4},"end":{"line":11,"column":5}},"5":{"start":{"line":10,"column":6},"end":{"line":10,"column":64}},"6":{"start":{"line":13,"column":4},"end":{"line":13,"column":16}},"7":{"start":{"line":17,"column":19},"end":{"line":17,"column":43}},"8":{"start":{"line":18,"column":4},"end":{"line":18,"column":15}},"9":{"start":{"line":22,"column":19},"end":{"line":22,"column":43}},"10":{"start":{"line":23,"column":4},"end":{"line":23,"column":15}},"11":{"start":{"line":27,"column":19},"end":{"line":27,"column":43}},"12":{"start":{"line":28,"column":4},"end":{"line":28,"column":15}},"13":{"start":{"line":32,"column":19},"end":{"line":32,"column":43}},"14":{"start":{"line":33,"column":4},"end":{"line":33,"column":15}},"15":{"start":{"line":38,"column":0},"end":{"line":38,"column":27}}},"fnMap":{"0":{"name":"(anonymous_0)","decl":{"start":{"line":2,"column":17},"end":{"line":2,"column":18}},"loc":{"start":{"line":2,"column":27},"end":{"line":14,"column":3}},"line":2},"1":{"name":"(anonymous_1)","decl":{"start":{"line":16,"column":2},"end":{"line":16,"column":3}},"loc":{"start":{"line":16,"column":15},"end":{"line":19,"column":3}},"line":16},"2":{"name":"(anonymous_2)","decl":{"start":{"line":21,"column":2},"end":{"line":21,"column":3}},"loc":{"start":{"line":21,"column":20},"end":{"line":24,"column":3}},"line":21},"3":{"name":"(anonymous_3)","decl":{"start":{"line":26,"column":2},"end":{"line":26,"column":3}},"loc":{"start":{"line":26,"column":20},"end":{"line":29,"column":3}},"line":26},"4":{"name":"(anonymous_4)","decl":{"start":{"line":31,"column":2},"end":{"line":31,"column":3}},"loc":{"start":{"line":31,"column":18},"end":{"line":34,"column":3}},"line":31}},"branchMap":{"0":{"loc":{"start":{"line":3,"column":4},"end":{"line":5,"column":5}},"type":"if","locations":[{"start":{"line":3,"column":4},"end":{"line":5,"column":5}},{"start":{},"end":{}}],"line":3},"1":{"loc":{"start":{"line":9,"column":4},"end":{"line":11,"column":5}},"type":"if","locations":[{"start":{"line":9,"column":4},"end":{"line":11,"column":5}},{"start":{},"end":{}}],"line":9},"2":{"loc":{"start":{"line":9,"column":8},"end":{"line":9,"column":54}},"type":"binary-expr","locations":[{"start":{"line":9,"column":8},"end":{"line":9,"column":29}},{"start":{"line":9,"column":33},"end":{"line":9,"column":54}}],"line":9}},"s":{"0":3,"1":49,"2":11,"3":38,"4":38,"5":12,"6":26,"7":16,"8":9,"9":9,"10":3,"11":14,"12":9,"13":10,"14":5,"15":3},"f":{"0":49,"1":16,"2":9,"3":14,"4":10},"b":{"0":[11,38],"1":[12,26],"2":[38,26]},"_coverageSchema":"1a1c01bbd47fc00a2c39e90264f33305004495a9","hash":"5c3364f2b6d83db96c69bfa355b4b6c574f4e153"}
,"C:\\manual backup\\javascript-projects\\math-api\\src\\createServer.js": {"path":"C:\\manual backup\\javascript-projects\\math-api\\src\\createServer.js","statementMap":{"0":{"start":{"line":1,"column":13},"end":{"line":1,"column":34}},"1":{"start":{"line":2,"column":25},"end":{"line":2,"column":54}},"2":{"start":{"line":4,"column":21},"end":{"line":86,"column":1}},"3":{"start":{"line":5,"column":17},"end":{"line":8,"column":4}},"4":{"start":{"line":10,"column":2},"end":{"line":83,"column":5}},"5":{"start":{"line":15,"column":24},"end":{"line":15,"column":38}},"6":{"start":{"line":16,"column":22},"end":{"line":16,"column":57}},"7":{"start":{"line":17,"column":8},"end":{"line":17,"column":25}},"8":{"start":{"line":24,"column":24},"end":{"line":24,"column":38}},"9":{"start":{"line":25,"column":22},"end":{"line":25,"column":62}},"10":{"start":{"line":26,"column":8},"end":{"line":26,"column":25}},"11":{"start":{"line":33,"column":24},"end":{"line":33,"column":38}},"12":{"start":{"line":34,"column":22},"end":{"line":34,"column":62}},"13":{"start":{"line":35,"column":8},"end":{"line":35,"column":25}},"14":{"start":{"line":42,"column":24},"end":{"line":42,"column":38}},"15":{"start":{"line":43,"column":22},"end":{"line":43,"column":60}},"16":{"start":{"line":44,"column":8},"end":{"line":44,"column":25}},"17":{"start":{"line":51,"column":24},"end":{"line":51,"column":38}},"18":{"start":{"line":52,"column":22},"end":{"line":52,"column":88}},"19":{"start":{"line":53,"column":8},"end":{"line":53,"column":25}},"20":{"start":{"line":60,"column":24},"end":{"line":60,"column":38}},"21":{"start":{"line":61,"column":22},"end":{"line":61,"column":83}},"22":{"start":{"line":62,"column":8},"end":{"line":62,"column":25}},"23":{"start":{"line":69,"column":26},"end":{"line":69,"column":40}},"24":{"start":{"line":70,"column":22},"end":{"line":70,"column":98}},"25":{"start":{"line":71,"column":8},"end":{"line":71,"column":25}},"26":{"start":{"line":78,"column":24},"end":{"line":78,"column":38}},"27":{"start":{"line":79,"column":22},"end":{"line":79,"column":82}},"28":{"start":{"line":80,"column":8},"end":{"line":80,"column":25}},"29":{"start":{"line":85,"column":2},"end":{"line":85,"column":16}},"30":{"start":{"line":88,"column":0},"end":{"line":88,"column":30}}},"fnMap":{"0":{"name":"(anonymous_0)","decl":{"start":{"line":4,"column":21},"end":{"line":4,"column":22}},"loc":{"start":{"line":4,"column":58},"end":{"line":86,"column":1}},"line":4},"1":{"name":"(anonymous_1)","decl":{"start":{"line":14,"column":15},"end":{"line":14,"column":16}},"loc":{"start":{"line":14,"column":28},"end":{"line":18,"column":7}},"line":14},"2":{"name":"(anonymous_2)","decl":{"start":{"line":23,"column":15},"end":{"line":23,"column":16}},"loc":{"start":{"line":23,"column":28},"end":{"line":27,"column":7}},"line":23},"3":{"name":"(anonymous_3)","decl":{"start":{"line":32,"column":15},"end":{"line":32,"column":16}},"loc":{"start":{"line":32,"column":28},"end":{"line":36,"column":7}},"line":32},"4":{"name":"(anonymous_4)","decl":{"start":{"line":41,"column":15},"end":{"line":41,"column":16}},"loc":{"start":{"line":41,"column":28},"end":{"line":45,"column":7}},"line":41},"5":{"name":"(anonymous_5)","decl":{"start":{"line":50,"column":15},"end":{"line":50,"column":16}},"loc":{"start":{"line":50,"column":28},"end":{"line":54,"column":7}},"line":50},"6":{"name":"(anonymous_6)","decl":{"start":{"line":59,"column":15},"end":{"line":59,"column":16}},"loc":{"start":{"line":59,"column":28},"end":{"line":63,"column":7}},"line":59},"7":{"name":"(anonymous_7)","decl":{"start":{"line":68,"column":15},"end":{"line":68,"column":16}},"loc":{"start":{"line":68,"column":28},"end":{"line":72,"column":7}},"line":68},"8":{"name":"(anonymous_8)","decl":{"start":{"line":77,"column":15},"end":{"line":77,"column":16}},"loc":{"start":{"line":77,"column":28},"end":{"line":81,"column":7}},"line":77}},"branchMap":{},"s":{"0":1,"1":1,"2":1,"3":8,"4":8,"5":1,"6":1,"7":1,"8":1,"9":1,"10":1,"11":1,"12":1,"13":1,"14":1,"15":1,"16":1,"17":1,"18":1,"19":1,"20":1,"21":1,"22":1,"23":1,"24":1,"25":1,"26":1,"27":1,"28":1,"29":8,"30":1},"f":{"0":8,"1":1,"2":1,"3":1,"4":1,"5":1,"6":1,"7":1,"8":1},"b":{},"_coverageSchema":"1a1c01bbd47fc00a2c39e90264f33305004495a9","hash":"e434e3d76b34f9b7fb09ac5d4d3124334dc03122"}
}
