TN:
SF:src\FigureCalculator.js
FN:2,(anonymous_0)
FN:6,(anonymous_1)
FN:20,(anonymous_2)
FN:35,(anonymous_3)
FN:49,(anonymous_4)
FNF:5
FNH:5
FNDA:14,(anonymous_0)
FNDA:8,(anonymous_1)
FNDA:8,(anonymous_2)
FNDA:6,(anonymous_3)
FNDA:8,(anonymous_4)
DA:3,14
DA:7,8
DA:8,3
DA:11,5
DA:13,5
DA:14,3
DA:17,2
DA:21,8
DA:22,3
DA:25,5
DA:27,5
DA:28,3
DA:31,2
DA:36,6
DA:37,3
DA:40,3
DA:42,3
DA:43,1
DA:46,2
DA:50,8
DA:51,3
DA:54,5
DA:56,5
DA:57,3
DA:60,2
DA:64,2
LF:26
LH:26
BRDA:7,0,0,3
BRDA:7,0,1,5
BRDA:13,1,0,3
BRDA:13,1,1,2
BRDA:13,2,0,5
BRDA:13,2,1,2
BRDA:21,3,0,3
BRDA:21,3,1,5
BRDA:27,4,0,3
BRDA:27,4,1,2
BRDA:27,5,0,5
BRDA:27,5,1,2
BRDA:36,6,0,3
BRDA:36,6,1,3
BRDA:42,7,0,1
BRDA:42,7,1,2
BRDA:42,8,0,3
BRDA:42,8,1,2
BRDA:42,8,2,2
BRDA:50,9,0,3
BRDA:50,9,1,5
BRDA:56,10,0,3
BRDA:56,10,1,2
BRDA:56,11,0,5
BRDA:56,11,1,2
BRF:25
BRH:25
end_of_record
TN:
SF:src\MathBasic.js
FN:2,(anonymous_0)
FN:16,(anonymous_1)
FN:21,(anonymous_2)
FN:26,(anonymous_3)
FN:31,(anonymous_4)
FNF:5
FNH:5
FNDA:49,(anonymous_0)
FNDA:16,(anonymous_1)
FNDA:9,(anonymous_2)
FNDA:14,(anonymous_3)
FNDA:10,(anonymous_4)
DA:1,3
DA:3,49
DA:4,11
DA:7,38
DA:9,38
DA:10,12
DA:13,26
DA:17,16
DA:18,9
DA:22,9
DA:23,3
DA:27,14
DA:28,9
DA:32,10
DA:33,5
DA:38,3
LF:16
LH:16
BRDA:3,0,0,11
BRDA:3,0,1,38
BRDA:9,1,0,12
BRDA:9,1,1,26
BRDA:9,2,0,38
BRDA:9,2,1,26
BRF:6
BRH:6
end_of_record
TN:
SF:src\createServer.js
FN:4,(anonymous_0)
FN:14,(anonymous_1)
FN:23,(anonymous_2)
FN:32,(anonymous_3)
FN:41,(anonymous_4)
FN:50,(anonymous_5)
FN:59,(anonymous_6)
FN:68,(anonymous_7)
FN:77,(anonymous_8)
FNF:9
FNH:9
FNDA:8,(anonymous_0)
FNDA:1,(anonymous_1)
FNDA:1,(anonymous_2)
FNDA:1,(anonymous_3)
FNDA:1,(anonymous_4)
FNDA:1,(anonymous_5)
FNDA:1,(anonymous_6)
FNDA:1,(anonymous_7)
FNDA:1,(anonymous_8)
DA:1,1
DA:2,1
DA:4,1
DA:5,8
DA:10,8
DA:15,1
DA:16,1
DA:17,1
DA:24,1
DA:25,1
DA:26,1
DA:33,1
DA:34,1
DA:35,1
DA:42,1
DA:43,1
DA:44,1
DA:51,1
DA:52,1
DA:53,1
DA:60,1
DA:61,1
DA:62,1
DA:69,1
DA:70,1
DA:71,1
DA:78,1
DA:79,1
DA:80,1
DA:85,8
DA:88,1
LF:31
LH:31
BRF:0
BRH:0
end_of_record
